<?xml version="1.0" encoding="UTF-8"?>
<testng-results ignored="0" total="2" passed="2" failed="0" skipped="0">
  <reporter-output>
  </reporter-output>
  <suite started-at="2024-02-08T14:15:16 IST" name="Suite" finished-at="2024-02-08T14:15:30 IST" duration-ms="13958">
    <groups>
      <group name="regression">
        <method signature="TC_001_AccountRegistrationTest.accountRegister()[pri:0, instance:testClass.TC_001_AccountRegistrationTest@652a7737]" name="accountRegister" class="testClass.TC_001_AccountRegistrationTest"/>
      </group> <!-- regression -->
      <group name="sanity">
        <method signature="TC_002_Login_Page_Test.loginTest()[pri:0, instance:testClass.TC_002_Login_Page_Test@24d4d7c9]" name="loginTest" class="testClass.TC_002_Login_Page_Test"/>
      </group> <!-- sanity -->
      <group name="master">
        <method signature="TC_001_AccountRegistrationTest.accountRegister()[pri:0, instance:testClass.TC_001_AccountRegistrationTest@652a7737]" name="accountRegister" class="testClass.TC_001_AccountRegistrationTest"/>
        <method signature="TC_002_Login_Page_Test.loginTest()[pri:0, instance:testClass.TC_002_Login_Page_Test@24d4d7c9]" name="loginTest" class="testClass.TC_002_Login_Page_Test"/>
      </group> <!-- master -->
    </groups>
    <test started-at="2024-02-08T14:15:16 IST" name="Test" finished-at="2024-02-08T14:15:30 IST" duration-ms="13958">
      <class name="testClass.TC_002_Login_Page_Test">
        <test-method is-config="true" signature="setUp(java.lang.String,java.lang.String)[pri:0, instance:testClass.TC_002_Login_Page_Test@24d4d7c9]" started-at="2024-02-08T14:15:25 IST" name="setUp" finished-at="2024-02-08T14:15:28 IST" duration-ms="3071" status="PASS">
          <params>
            <param index="0">
              <value>
                <![CDATA[windows]]>
              </value>
            </param>
            <param index="1">
              <value>
                <![CDATA[chrome]]>
              </value>
            </param>
          </params>
          <reporter-output>
          </reporter-output>
        </test-method> <!-- setUp -->
        <test-method signature="loginTest()[pri:0, instance:testClass.TC_002_Login_Page_Test@24d4d7c9]" started-at="2024-02-08T14:15:28 IST" name="loginTest" finished-at="2024-02-08T14:15:30 IST" duration-ms="1984" status="PASS">
          <reporter-output>
          </reporter-output>
        </test-method> <!-- loginTest -->
        <test-method is-config="true" signature="tearDown()[pri:0, instance:testClass.TC_002_Login_Page_Test@24d4d7c9]" started-at="2024-02-08T14:15:30 IST" name="tearDown" finished-at="2024-02-08T14:15:30 IST" duration-ms="174" status="PASS">
          <reporter-output>
          </reporter-output>
        </test-method> <!-- tearDown -->
      </class> <!-- testClass.TC_002_Login_Page_Test -->
      <class name="testClass.TC_001_AccountRegistrationTest">
        <test-method is-config="true" signature="setUp(java.lang.String,java.lang.String)[pri:0, instance:testClass.TC_001_AccountRegistrationTest@652a7737]" started-at="2024-02-08T14:15:17 IST" name="setUp" finished-at="2024-02-08T14:15:20 IST" duration-ms="3559" status="PASS">
          <params>
            <param index="0">
              <value>
                <![CDATA[windows]]>
              </value>
            </param>
            <param index="1">
              <value>
                <![CDATA[chrome]]>
              </value>
            </param>
          </params>
          <reporter-output>
          </reporter-output>
        </test-method> <!-- setUp -->
        <test-method signature="accountRegister()[pri:0, instance:testClass.TC_001_AccountRegistrationTest@652a7737]" started-at="2024-02-08T14:15:20 IST" name="accountRegister" finished-at="2024-02-08T14:15:25 IST" duration-ms="4714" status="PASS">
          <reporter-output>
          </reporter-output>
        </test-method> <!-- accountRegister -->
        <test-method is-config="true" signature="tearDown()[pri:0, instance:testClass.TC_001_AccountRegistrationTest@652a7737]" started-at="2024-02-08T14:15:25 IST" name="tearDown" finished-at="2024-02-08T14:15:25 IST" duration-ms="199" status="PASS">
          <reporter-output>
          </reporter-output>
        </test-method> <!-- tearDown -->
      </class> <!-- testClass.TC_001_AccountRegistrationTest -->
    </test> <!-- Test -->
  </suite> <!-- Suite -->
</testng-results>
